app/build/intermediates/manifest_merge_blame_file/debug/manifest-merger-blame-debug-report.txt
1<?xml version="1.0" encoding="utf-8"?>
2<manifest xmlns:android="http://schemas.android.com/apk/res/android"
3    package="com.example.driver.drowsiness"
4    android:versionCode="1"
5    android:versionName="1.0" >
6
7    <uses-sdk
7-->src\main\AndroidManifest.xml:7:5-47
8        android:minSdkVersion="23"
8-->src\main\AndroidManifest.xml:7:5-47
9        android:targetSdkVersion="33" />
9-->src\main\AndroidManifest.xml:7:15-44
10
11    <uses-feature android:name="android.hardware.camera" />
11-->src\main\AndroidManifest.xml:9:5-60
11-->src\main\AndroidManifest.xml:9:19-57
12
13    <uses-permission android:name="android.permission.CAMERA" />
13-->src\main\AndroidManifest.xml:11:5-65
13-->src\main\AndroidManifest.xml:11:22-62
14    <uses-permission android:name="android.permission.READ_PHONE_STATE" />
14-->src\main\AndroidManifest.xml:12:5-75
14-->src\main\AndroidManifest.xml:12:22-72
15
16    <!-- Include required permissions for Google Mobile Ads to run -->
17    <uses-permission android:name="android.permission.INTERNET" />
17-->[com.google.android.gms:play-services-ads-lite:12.0.1] AndroidManifest.xml:23:5-67
17-->[com.google.android.gms:play-services-ads-lite:12.0.1] AndroidManifest.xml:23:22-64
18    <uses-permission android:name="android.permission.ACCESS_NETWORK_STATE" /> <!-- Optional permission for Analytics to run. -->
18-->[com.google.android.gms:play-services-ads-lite:12.0.1] AndroidManifest.xml:24:5-79
18-->[com.google.android.gms:play-services-ads-lite:12.0.1] AndroidManifest.xml:24:22-76
19    <uses-permission android:name="android.permission.WAKE_LOCK" /> <!-- Required by older versions of Google Play services to create GCM registration tokens -->
19-->[com.google.android.gms:play-services-analytics:12.0.1] AndroidManifest.xml:27:5-68
19-->[com.google.android.gms:play-services-analytics:12.0.1] AndroidManifest.xml:27:22-65
20    <uses-permission android:name="com.google.android.c2dm.permission.RECEIVE" />
20-->[com.google.android.gms:play-services-gcm:12.0.1] AndroidManifest.xml:23:5-82
20-->[com.google.android.gms:play-services-gcm:12.0.1] AndroidManifest.xml:23:22-79
21
22    <uses-feature
22-->[com.google.android.gms:play-services-maps:12.0.1] AndroidManifest.xml:26:5-28:35
23        android:glEsVersion="0x00020000"
23-->[com.google.android.gms:play-services-maps:12.0.1] AndroidManifest.xml:27:9-41
24        android:required="true" />
24-->[com.google.android.gms:play-services-maps:12.0.1] AndroidManifest.xml:28:9-32
25
26    <permission
26-->[com.google.firebase:firebase-iid:12.0.1] AndroidManifest.xml:28:5-30:47
27        android:name="com.example.driver.drowsiness.permission.C2D_MESSAGE"
27-->[com.google.firebase:firebase-iid:12.0.1] AndroidManifest.xml:29:9-63
28        android:protectionLevel="signature" />
28-->[com.google.firebase:firebase-iid:12.0.1] AndroidManifest.xml:30:9-44
29
30    <uses-permission android:name="com.example.driver.drowsiness.permission.C2D_MESSAGE" /> <!-- Query intents on API 30 and above. -->
30-->[com.google.firebase:firebase-iid:12.0.1] AndroidManifest.xml:32:5-79
30-->[com.google.firebase:firebase-iid:12.0.1] AndroidManifest.xml:32:22-76
31    <queries>
31-->[com.pranavpandey.android:dynamic-utils:4.2.0] AndroidManifest.xml:25:5-31:15
32        <intent>
32-->[com.pranavpandey.android:dynamic-utils:4.2.0] AndroidManifest.xml:26:9-30:18
33            <action android:name="android.intent.action.SENDTO" />
33-->[com.pranavpandey.android:dynamic-utils:4.2.0] AndroidManifest.xml:27:13-67
33-->[com.pranavpandey.android:dynamic-utils:4.2.0] AndroidManifest.xml:27:21-64
34
35            <data android:scheme="mailto" />
35-->[com.google.android.gms:play-services-tagmanager-api:12.0.1] AndroidManifest.xml:37:17-72
35-->[com.google.android.gms:play-services-tagmanager-api:12.0.1] AndroidManifest.xml:37:23-69
36        </intent>
37    </queries>
38
39    <application
39-->src\main\AndroidManifest.xml:14:5-63:19
40        android:allowBackup="true"
40-->src\main\AndroidManifest.xml:15:9-35
41        android:appComponentFactory="androidx.core.app.CoreComponentFactory"
41-->[androidx.core:core:1.6.0] AndroidManifest.xml:24:18-86
42        android:debuggable="true"
43        android:extractNativeLibs="false"
44        android:icon="@drawable/pp"
44-->src\main\AndroidManifest.xml:16:9-36
45        android:label="@string/app_name"
45-->src\main\AndroidManifest.xml:17:9-41
46        android:largeHeap="true"
46-->src\main\AndroidManifest.xml:18:9-33
47        android:supportsRtl="true"
47-->src\main\AndroidManifest.xml:19:9-35
48        android:testOnly="true"
49        android:theme="@style/AppTheme" >
49-->src\main\AndroidManifest.xml:20:9-40
50        <activity
50-->src\main\AndroidManifest.xml:21:9-23:40
51            android:name="com.example.driver.drowsiness.MainScreen"
51-->src\main\AndroidManifest.xml:22:13-39
52            android:exported="false" />
52-->src\main\AndroidManifest.xml:23:13-37
53        <activity
53-->src\main\AndroidManifest.xml:24:9-27:52
54            android:name="com.example.driver.drowsiness.FaceTrackerActivity"
54-->src\main\AndroidManifest.xml:25:13-48
55            android:exported="true"
55-->src\main\AndroidManifest.xml:26:13-36
56            android:screenOrientation="portrait" />
56-->src\main\AndroidManifest.xml:27:13-49
57        <activity
57-->src\main\AndroidManifest.xml:28:9-36:20
58            android:name="com.example.driver.drowsiness.Login"
58-->src\main\AndroidManifest.xml:29:13-34
59            android:exported="true" >
59-->src\main\AndroidManifest.xml:30:13-36
60            <intent-filter>
60-->src\main\AndroidManifest.xml:31:13-35:29
61                <action android:name="android.intent.action.MAIN" />
61-->src\main\AndroidManifest.xml:32:17-69
61-->src\main\AndroidManifest.xml:32:25-66
62
63                <category android:name="android.intent.category.LAUNCHER" />
63-->src\main\AndroidManifest.xml:34:17-77
63-->src\main\AndroidManifest.xml:34:27-74
64            </intent-filter>
65        </activity>
66        <activity
66-->src\main\AndroidManifest.xml:37:9-39:39
67            android:name="com.example.driver.drowsiness.Register"
67-->src\main\AndroidManifest.xml:38:13-37
68            android:exported="true" />
68-->src\main\AndroidManifest.xml:39:13-36
69        <activity
69-->src\main\AndroidManifest.xml:40:9-42:39
70            android:name="com.example.driver.drowsiness.ResetPassword"
70-->src\main\AndroidManifest.xml:41:13-42
71            android:exported="true" />
71-->src\main\AndroidManifest.xml:42:13-36
72        <activity
72-->src\main\AndroidManifest.xml:43:9-45:39
73            android:name="com.example.driver.drowsiness.SplashActivity"
73-->src\main\AndroidManifest.xml:44:13-43
74            android:exported="true" />
74-->src\main\AndroidManifest.xml:45:13-36
75        <activity
75-->src\main\AndroidManifest.xml:46:9-50:59
76            android:name="com.example.driver.drowsiness.MainActivity"
76-->src\main\AndroidManifest.xml:47:13-41
77            android:exported="true"
77-->src\main\AndroidManifest.xml:48:13-36
78            android:label="@string/app_name"
78-->src\main\AndroidManifest.xml:49:13-45
79            android:theme="@style/AppTheme.NoActionBar" />
79-->src\main\AndroidManifest.xml:50:13-56
80        <activity
80-->src\main\AndroidManifest.xml:51:9-55:45
81            android:name="com.example.driver.drowsiness.monitor"
81-->src\main\AndroidManifest.xml:52:13-36
82            android:exported="true"
82-->src\main\AndroidManifest.xml:53:13-36
83            android:screenOrientation="portrait" />
83-->src\main\AndroidManifest.xml:54:13-49
84        <activity
84-->src\main\AndroidManifest.xml:56:9-58:39
85            android:name="com.example.driver.drowsiness.end"
85-->src\main\AndroidManifest.xml:57:13-32
86            android:exported="true" />
86-->src\main\AndroidManifest.xml:58:13-36
87        <activity
87-->src\main\AndroidManifest.xml:59:9-62:45
88            android:name="com.example.driver.drowsiness.contactus"
88-->src\main\AndroidManifest.xml:60:13-38
89            android:exported="true" />
89-->src\main\AndroidManifest.xml:61:13-36
90
91        <receiver android:name="com.google.android.gms.cast.framework.media.MediaIntentReceiver" />
91-->[com.google.android.gms:play-services-cast-framework:12.0.1] AndroidManifest.xml:8:9-100
91-->[com.google.android.gms:play-services-cast-framework:12.0.1] AndroidManifest.xml:8:19-97
92
93        <service android:name="com.google.android.gms.cast.framework.media.MediaNotificationService" />
93-->[com.google.android.gms:play-services-cast-framework:12.0.1] AndroidManifest.xml:10:9-104
93-->[com.google.android.gms:play-services-cast-framework:12.0.1] AndroidManifest.xml:10:18-101
94        <service android:name="com.google.android.gms.cast.framework.ReconnectionService" /> <!-- Include the AdActivity and InAppPurchaseActivity configChanges and themes. -->
94-->[com.google.android.gms:play-services-cast-framework:12.0.1] AndroidManifest.xml:11:9-93
94-->[com.google.android.gms:play-services-cast-framework:12.0.1] AndroidManifest.xml:11:18-90
95        <activity
95-->[com.google.android.gms:play-services-ads-lite:12.0.1] AndroidManifest.xml:29:9-33:64
96            android:name="com.google.android.gms.ads.AdActivity"
96-->[com.google.android.gms:play-services-ads-lite:12.0.1] AndroidManifest.xml:30:13-65
97            android:configChanges="keyboard|keyboardHidden|orientation|screenLayout|uiMode|screenSize|smallestScreenSize"
97-->[com.google.android.gms:play-services-ads-lite:12.0.1] AndroidManifest.xml:31:13-122
98            android:exported="false"
98-->[com.google.android.gms:play-services-ads-lite:12.0.1] AndroidManifest.xml:32:13-37
99            android:theme="@android:style/Theme.Translucent" />
99-->[com.google.android.gms:play-services-ads-lite:12.0.1] AndroidManifest.xml:33:13-61
100
101        <receiver
101-->[com.google.android.gms:play-services-analytics:12.0.1] AndroidManifest.xml:30:9-34:20
102            android:name="com.google.android.gms.analytics.AnalyticsReceiver"
102-->[com.google.android.gms:play-services-analytics:12.0.1] AndroidManifest.xml:31:13-78
103            android:enabled="true"
103-->[com.google.android.gms:play-services-analytics:12.0.1] AndroidManifest.xml:32:13-35
104            android:exported="false" >
104-->[com.google.android.gms:play-services-analytics:12.0.1] AndroidManifest.xml:33:13-37
105        </receiver>
106
107        <service
107-->[com.google.android.gms:play-services-analytics:12.0.1] AndroidManifest.xml:36:9-39:40
108            android:name="com.google.android.gms.analytics.AnalyticsService"
108-->[com.google.android.gms:play-services-analytics:12.0.1] AndroidManifest.xml:37:13-77
109            android:enabled="true"
109-->[com.google.android.gms:play-services-analytics:12.0.1] AndroidManifest.xml:38:13-35
110            android:exported="false" />
110-->[com.google.android.gms:play-services-analytics:12.0.1] AndroidManifest.xml:39:13-37
111        <service
111-->[com.google.android.gms:play-services-analytics:12.0.1] AndroidManifest.xml:40:9-44:72
112            android:name="com.google.android.gms.analytics.AnalyticsJobService"
112-->[com.google.android.gms:play-services-analytics:12.0.1] AndroidManifest.xml:41:13-80
113            android:enabled="true"
113-->[com.google.android.gms:play-services-analytics:12.0.1] AndroidManifest.xml:42:13-35
114            android:exported="false"
114-->[com.google.android.gms:play-services-analytics:12.0.1] AndroidManifest.xml:43:13-37
115            android:permission="android.permission.BIND_JOB_SERVICE" />
115-->[com.google.android.gms:play-services-analytics:12.0.1] AndroidManifest.xml:44:13-69
116
117        <activity
117-->[com.google.android.gms:play-services-appinvite:12.0.1] AndroidManifest.xml:25:9-34:20
118            android:name="com.google.android.gms.appinvite.PreviewActivity"
118-->[com.google.android.gms:play-services-appinvite:12.0.1] AndroidManifest.xml:26:13-76
119            android:exported="true"
119-->[com.google.android.gms:play-services-appinvite:12.0.1] AndroidManifest.xml:27:13-36
120            android:theme="@style/Theme.AppInvite.Preview" >
120-->[com.google.android.gms:play-services-appinvite:12.0.1] AndroidManifest.xml:28:13-59
121            <intent-filter>
121-->[com.google.android.gms:play-services-appinvite:12.0.1] AndroidManifest.xml:29:13-33:29
122                <action android:name="com.google.android.gms.appinvite.ACTION_PREVIEW" />
122-->[com.google.android.gms:play-services-appinvite:12.0.1] AndroidManifest.xml:30:17-90
122-->[com.google.android.gms:play-services-appinvite:12.0.1] AndroidManifest.xml:30:25-87
123
124                <category android:name="android.intent.category.DEFAULT" />
124-->[com.google.android.gms:play-services-appinvite:12.0.1] AndroidManifest.xml:32:17-76
124-->[com.google.android.gms:play-services-appinvite:12.0.1] AndroidManifest.xml:32:27-73
125            </intent-filter>
126        </activity>
127        <activity
127-->[com.google.android.gms:play-services-auth:12.0.1] AndroidManifest.xml:23:9-27:75
128            android:name="com.google.android.gms.auth.api.signin.internal.SignInHubActivity"
128-->[com.google.android.gms:play-services-auth:12.0.1] AndroidManifest.xml:24:13-93
129            android:excludeFromRecents="true"
129-->[com.google.android.gms:play-services-auth:12.0.1] AndroidManifest.xml:25:13-46
130            android:exported="false"
130-->[com.google.android.gms:play-services-auth:12.0.1] AndroidManifest.xml:26:13-37
131            android:theme="@android:style/Theme.Translucent.NoTitleBar" />
131-->[com.google.android.gms:play-services-auth:12.0.1] AndroidManifest.xml:27:13-72
132        <!--
133            Service handling Google Sign-In user revocation. For apps that do not integrate with
134            Google Sign-In, this service will never be started.
135        -->
136        <service
136-->[com.google.android.gms:play-services-auth:12.0.1] AndroidManifest.xml:33:9-36:110
137            android:name="com.google.android.gms.auth.api.signin.RevocationBoundService"
137-->[com.google.android.gms:play-services-auth:12.0.1] AndroidManifest.xml:34:13-89
138            android:exported="true"
138-->[com.google.android.gms:play-services-auth:12.0.1] AndroidManifest.xml:35:13-36
139            android:permission="com.google.android.gms.auth.api.signin.permission.REVOCATION_NOTIFICATION" />
139-->[com.google.android.gms:play-services-auth:12.0.1] AndroidManifest.xml:36:13-107
140
141        <activity
141-->[com.google.firebase:firebase-auth:12.0.1] AndroidManifest.xml:23:9-29:75
142            android:name="com.google.firebase.auth.internal.FederatedSignInActivity"
142-->[com.google.firebase:firebase-auth:12.0.1] AndroidManifest.xml:24:13-85
143            android:excludeFromRecents="true"
143-->[com.google.firebase:firebase-auth:12.0.1] AndroidManifest.xml:25:13-46
144            android:exported="true"
144-->[com.google.firebase:firebase-auth:12.0.1] AndroidManifest.xml:26:13-36
145            android:launchMode="singleInstance"
145-->[com.google.firebase:firebase-auth:12.0.1] AndroidManifest.xml:27:13-48
146            android:permission="com.google.firebase.auth.api.gms.permission.LAUNCH_FEDERATED_SIGN_IN"
146-->[com.google.firebase:firebase-auth:12.0.1] AndroidManifest.xml:28:13-102
147            android:theme="@android:style/Theme.Translucent.NoTitleBar" />
147-->[com.google.firebase:firebase-auth:12.0.1] AndroidManifest.xml:29:13-72
148        <activity
148-->[com.google.android.gms:play-services-base:12.0.1] AndroidManifest.xml:23:9-26:75
149            android:name="com.google.android.gms.common.api.GoogleApiActivity"
149-->[com.google.android.gms:play-services-base:12.0.1] AndroidManifest.xml:24:13-79
150            android:exported="false"
150-->[com.google.android.gms:play-services-base:12.0.1] AndroidManifest.xml:25:13-37
151            android:theme="@android:style/Theme.Translucent.NoTitleBar" />
151-->[com.google.android.gms:play-services-base:12.0.1] AndroidManifest.xml:26:13-72
152        <!--
153             FirebaseMessagingService performs security checks at runtime,
154             no need for explicit permissions despite exported="true"
155        -->
156        <service
156-->[com.google.firebase:firebase-messaging:12.0.1] AndroidManifest.xml:28:9-34:19
157            android:name="com.google.firebase.messaging.FirebaseMessagingService"
157-->[com.google.firebase:firebase-messaging:12.0.1] AndroidManifest.xml:29:13-82
158            android:exported="true" >
158-->[com.google.firebase:firebase-messaging:12.0.1] AndroidManifest.xml:30:13-36
159            <intent-filter android:priority="-500" >
159-->[com.google.firebase:firebase-messaging:12.0.1] AndroidManifest.xml:31:13-33:29
159-->[com.google.firebase:firebase-messaging:12.0.1] AndroidManifest.xml:31:28-51
160                <action android:name="com.google.firebase.MESSAGING_EVENT" />
160-->[com.google.firebase:firebase-messaging:12.0.1] AndroidManifest.xml:32:17-78
160-->[com.google.firebase:firebase-messaging:12.0.1] AndroidManifest.xml:32:25-75
161            </intent-filter>
162        </service>
163        <service
163-->[com.google.android.gms:play-services-tagmanager-api:12.0.1] AndroidManifest.xml:27:9-30:40
164            android:name="com.google.android.gms.tagmanager.TagManagerService"
164-->[com.google.android.gms:play-services-tagmanager-api:12.0.1] AndroidManifest.xml:28:13-79
165            android:enabled="true"
165-->[com.google.android.gms:play-services-tagmanager-api:12.0.1] AndroidManifest.xml:29:13-35
166            android:exported="false" />
166-->[com.google.android.gms:play-services-tagmanager-api:12.0.1] AndroidManifest.xml:30:13-37
167
168        <activity
168-->[com.google.android.gms:play-services-tagmanager-api:12.0.1] AndroidManifest.xml:32:9-44:20
169            android:name="com.google.android.gms.tagmanager.TagManagerPreviewActivity"
169-->[com.google.android.gms:play-services-tagmanager-api:12.0.1] AndroidManifest.xml:33:13-87
170            android:exported="true"
170-->[com.google.android.gms:play-services-tagmanager-api:12.0.1] AndroidManifest.xml:34:13-36
171            android:noHistory="true" > <!-- optional, removes the previewActivity from the activity stack. -->
171-->[com.google.android.gms:play-services-tagmanager-api:12.0.1] AndroidManifest.xml:35:13-37
172            <intent-filter>
172-->[com.google.android.gms:play-services-tagmanager-api:12.0.1] AndroidManifest.xml:36:13-43:29
173                <data android:scheme="tagmanager.c.com.example.driver.drowsiness" />
173-->[com.google.android.gms:play-services-tagmanager-api:12.0.1] AndroidManifest.xml:37:17-72
173-->[com.google.android.gms:play-services-tagmanager-api:12.0.1] AndroidManifest.xml:37:23-69
174
175                <action android:name="android.intent.action.VIEW" />
175-->[com.google.android.gms:play-services-tagmanager-api:12.0.1] AndroidManifest.xml:39:17-69
175-->[com.google.android.gms:play-services-tagmanager-api:12.0.1] AndroidManifest.xml:39:25-66
176
177                <category android:name="android.intent.category.DEFAULT" />
177-->[com.google.android.gms:play-services-appinvite:12.0.1] AndroidManifest.xml:32:17-76
177-->[com.google.android.gms:play-services-appinvite:12.0.1] AndroidManifest.xml:32:27-73
178                <category android:name="android.intent.category.BROWSABLE" />
178-->[com.google.android.gms:play-services-tagmanager-api:12.0.1] AndroidManifest.xml:42:17-78
178-->[com.google.android.gms:play-services-tagmanager-api:12.0.1] AndroidManifest.xml:42:27-75
179            </intent-filter>
180        </activity>
181
182        <receiver
182-->[com.google.firebase:firebase-analytics:12.0.1] AndroidManifest.xml:28:9-32:20
183            android:name="com.google.android.gms.measurement.AppMeasurementReceiver"
183-->[com.google.firebase:firebase-analytics:12.0.1] AndroidManifest.xml:29:13-85
184            android:enabled="true"
184-->[com.google.firebase:firebase-analytics:12.0.1] AndroidManifest.xml:30:13-35
185            android:exported="false" >
185-->[com.google.firebase:firebase-analytics:12.0.1] AndroidManifest.xml:31:13-37
186        </receiver>
187        <receiver
187-->[com.google.firebase:firebase-analytics:12.0.1] AndroidManifest.xml:33:9-41:20
188            android:name="com.google.android.gms.measurement.AppMeasurementInstallReferrerReceiver"
188-->[com.google.firebase:firebase-analytics:12.0.1] AndroidManifest.xml:34:13-100
189            android:enabled="true"
189-->[com.google.firebase:firebase-analytics:12.0.1] AndroidManifest.xml:35:13-35
190            android:exported="true"
190-->[com.google.firebase:firebase-analytics:12.0.1] AndroidManifest.xml:36:13-36
191            android:permission="android.permission.INSTALL_PACKAGES" >
191-->[com.google.firebase:firebase-analytics:12.0.1] AndroidManifest.xml:37:13-69
192            <intent-filter>
192-->[com.google.firebase:firebase-analytics:12.0.1] AndroidManifest.xml:38:13-40:29
193                <action android:name="com.android.vending.INSTALL_REFERRER" />
193-->[com.google.firebase:firebase-analytics:12.0.1] AndroidManifest.xml:39:17-79
193-->[com.google.firebase:firebase-analytics:12.0.1] AndroidManifest.xml:39:25-76
194            </intent-filter>
195        </receiver>
196
197        <service
197-->[com.google.firebase:firebase-analytics:12.0.1] AndroidManifest.xml:43:9-46:40
198            android:name="com.google.android.gms.measurement.AppMeasurementService"
198-->[com.google.firebase:firebase-analytics:12.0.1] AndroidManifest.xml:44:13-84
199            android:enabled="true"
199-->[com.google.firebase:firebase-analytics:12.0.1] AndroidManifest.xml:45:13-35
200            android:exported="false" />
200-->[com.google.firebase:firebase-analytics:12.0.1] AndroidManifest.xml:46:13-37
201        <service
201-->[com.google.firebase:firebase-analytics:12.0.1] AndroidManifest.xml:47:9-51:72
202            android:name="com.google.android.gms.measurement.AppMeasurementJobService"
202-->[com.google.firebase:firebase-analytics:12.0.1] AndroidManifest.xml:48:13-87
203            android:enabled="true"
203-->[com.google.firebase:firebase-analytics:12.0.1] AndroidManifest.xml:49:13-35
204            android:exported="false"
204-->[com.google.firebase:firebase-analytics:12.0.1] AndroidManifest.xml:50:13-37
205            android:permission="android.permission.BIND_JOB_SERVICE" />
205-->[com.google.firebase:firebase-analytics:12.0.1] AndroidManifest.xml:51:13-69
206
207        <receiver
207-->[com.google.firebase:firebase-iid:12.0.1] AndroidManifest.xml:35:9-44:20
208            android:name="com.google.firebase.iid.FirebaseInstanceIdReceiver"
208-->[com.google.firebase:firebase-iid:12.0.1] AndroidManifest.xml:36:13-78
209            android:exported="true"
209-->[com.google.firebase:firebase-iid:12.0.1] AndroidManifest.xml:37:13-36
210            android:permission="com.google.android.c2dm.permission.SEND" >
210-->[com.google.firebase:firebase-iid:12.0.1] AndroidManifest.xml:38:13-73
211            <intent-filter>
211-->[com.google.firebase:firebase-iid:12.0.1] AndroidManifest.xml:39:13-43:29
212                <action android:name="com.google.android.c2dm.intent.RECEIVE" />
212-->[com.google.firebase:firebase-iid:12.0.1] AndroidManifest.xml:40:17-81
212-->[com.google.firebase:firebase-iid:12.0.1] AndroidManifest.xml:40:25-78
213
214                <category android:name="com.example.driver.drowsiness" />
214-->[com.google.firebase:firebase-iid:12.0.1] AndroidManifest.xml:42:17-61
214-->[com.google.firebase:firebase-iid:12.0.1] AndroidManifest.xml:42:27-58
215            </intent-filter>
216        </receiver>
217        <!--
218             FirebaseInstanceIdService performs security checks at runtime,
219             no need for explicit permissions despite exported="true"
220        -->
221        <service
221-->[com.google.firebase:firebase-iid:12.0.1] AndroidManifest.xml:50:9-56:19
222            android:name="com.google.firebase.iid.FirebaseInstanceIdService"
222-->[com.google.firebase:firebase-iid:12.0.1] AndroidManifest.xml:51:13-77
223            android:exported="true" >
223-->[com.google.firebase:firebase-iid:12.0.1] AndroidManifest.xml:52:13-36
224            <intent-filter android:priority="-500" >
224-->[com.google.firebase:firebase-iid:12.0.1] AndroidManifest.xml:53:13-55:29
224-->[com.google.firebase:firebase-iid:12.0.1] AndroidManifest.xml:53:28-51
225                <action android:name="com.google.firebase.INSTANCE_ID_EVENT" />
225-->[com.google.firebase:firebase-iid:12.0.1] AndroidManifest.xml:54:17-80
225-->[com.google.firebase:firebase-iid:12.0.1] AndroidManifest.xml:54:25-77
226            </intent-filter>
227        </service>
228
229        <provider
229-->[com.google.firebase:firebase-common:12.0.1] AndroidManifest.xml:8:9-12:39
230            android:name="com.google.firebase.provider.FirebaseInitProvider"
230-->[com.google.firebase:firebase-common:12.0.1] AndroidManifest.xml:9:13-77
231            android:authorities="com.example.driver.drowsiness.firebaseinitprovider"
231-->[com.google.firebase:firebase-common:12.0.1] AndroidManifest.xml:10:13-72
232            android:exported="false"
232-->[com.google.firebase:firebase-common:12.0.1] AndroidManifest.xml:11:13-37
233            android:initOrder="100" />
233-->[com.google.firebase:firebase-common:12.0.1] AndroidManifest.xml:12:13-36
234
235        <meta-data
235-->[com.google.android.gms:play-services-basement:12.0.1] AndroidManifest.xml:23:9-25:69
236            android:name="com.google.android.gms.version"
236-->[com.google.android.gms:play-services-basement:12.0.1] AndroidManifest.xml:24:13-58
237            android:value="@integer/google_play_services_version" />
237-->[com.google.android.gms:play-services-basement:12.0.1] AndroidManifest.xml:25:13-66
238    </application>
239
240</manifest>